{
  "RSpec": {
    "coverage": {
      "/home/huy/_ci/tutsplus-continuous-integration/app/helpers/application_helper.rb": [
        1,
        1,
        0,
        0,
        0,
        0,
        0,
        null,
        null,
        null
      ],
      "/home/huy/_ci/tutsplus-continuous-integration/app/controllers/authors_controller.rb": [
        1,
        1,
        null,
        1,
        2,
        null,
        null,
        1,
        2,
        null,
        null,
        1,
        4,
        null,
        4,
        2,
        null,
        2,
        null,
        null,
        null,
        1,
        null,
        null,
        1,
        4,
        2,
        null,
        2,
        null,
        null,
        null,
        1,
        2,
        2,
        null,
        null,
        1,
        null,
        1,
        8,
        null,
        null,
        1,
        8,
        null,
        null,
        null
      ],
      "/home/huy/_ci/tutsplus-continuous-integration/app/controllers/application_controller.rb": [
        1,
        null,
        null,
        1,
        null
      ],
      "/home/huy/_ci/tutsplus-continuous-integration/app/controllers/books_controller.rb": [
        1,
        1,
        null,
        1,
        0,
        null,
        null,
        1,
        0,
        null,
        null,
        1,
        1,
        null,
        1,
        1,
        null,
        0,
        null,
        null,
        null,
        1,
        null,
        null,
        1,
        1,
        1,
        null,
        0,
        null,
        null,
        null,
        1,
        0,
        0,
        null,
        null,
        1,
        null,
        1,
        1,
        null,
        null,
        1,
        2,
        null,
        null,
        null
      ],
      "/home/huy/_ci/tutsplus-continuous-integration/app/controllers/publishers_controller.rb": [
        1,
        1,
        null,
        1,
        2,
        null,
        null,
        1,
        2,
        null,
        null,
        1,
        4,
        null,
        4,
        2,
        null,
        2,
        null,
        null,
        null,
        1,
        null,
        null,
        1,
        4,
        2,
        null,
        2,
        null,
        null,
        null,
        1,
        2,
        2,
        null,
        null,
        1,
        null,
        1,
        8,
        null,
        null,
        1,
        8,
        null,
        null
      ],
      "/home/huy/_ci/tutsplus-continuous-integration/app/models/author_book.rb": [
        1,
        1,
        1,
        null
      ],
      "/home/huy/_ci/tutsplus-continuous-integration/app/models/author.rb": [
        1,
        1,
        null,
        1,
        1,
        null
      ],
      "/home/huy/_ci/tutsplus-continuous-integration/app/models/book.rb": [
        1,
        1,
        1,
        null,
        1,
        1,
        null,
        1,
        null,
        1,
        null,
        1,
        3,
        null,
        null
      ],
      "/home/huy/_ci/tutsplus-continuous-integration/app/models/publisher.rb": [
        1,
        1,
        null,
        1,
        null
      ],
      "/home/huy/_ci/tutsplus-continuous-integration/app/controllers/dashboard_controller.rb": [
        0,
        0,
        0,
        0
      ]
    },
    "timestamp": 1495076667
  }
}
